Created by PLY version 3.11 (http://www.dabeaz.com/ply)

Unused terminals:

    ASSIGN
    CHARACTER
    OPERATOR

Grammar

Rule 0     S' -> expression
Rule 1     expression -> CREATE LP NAME RP COLON
Rule 2     expression -> PROTOCOLS COLON
Rule 3     expression -> BEDS LP DIGIT RP COLON
Rule 4     expression -> BEDS COLON
Rule 5     expression -> DOCTORS LP AVAILABLE RP COLON
Rule 6     expression -> DOCTORS COLON
Rule 7     expression -> PATIENTS COLON
Rule 8     expression -> SERVICES COLON
Rule 9     expression -> INFO LP ID RP COLON
Rule 10    expression -> UPDATE LP ID COMMA AVAILABILITY RP COLON
Rule 11    expression -> ADDDOCTOR LP NAME COMMA BIRTHDAY COMMA SSN COMMA AVAILABILITY COMMA ID RP COLON
Rule 12    expression -> ADDPATIENT LP NAME COMMA BIRTHDAY COMMA SSN COMMA PROTOCOL COMMA ID RP COLON
Rule 13    id -> ID
Rule 14    name -> NAME
Rule 15    ssn -> SSN
Rule 16    birthday -> BIRTHDAY
Rule 17    availability -> AVAILABILITY

Terminals, with rules where they appear

ADDDOCTOR            : 11
ADDPATIENT           : 12
ASSIGN               : 
AVAILABILITY         : 10 11 17
AVAILABLE            : 5
BEDS                 : 3 4
BIRTHDAY             : 11 12 16
CHARACTER            : 
COLON                : 1 2 3 4 5 6 7 8 9 10 11 12
COMMA                : 10 11 11 11 11 12 12 12 12
CREATE               : 1
DIGIT                : 3
DOCTORS              : 5 6
ID                   : 9 10 11 12 13
INFO                 : 9
LP                   : 1 3 5 9 10 11 12
NAME                 : 1 11 12 14
OPERATOR             : 
PATIENTS             : 7
PROTOCOL             : 12
PROTOCOLS            : 2
RP                   : 1 3 5 9 10 11 12
SERVICES             : 8
SSN                  : 11 12 15
UPDATE               : 10
error                : 

Nonterminals, with rules where they appear

availability         : 
birthday             : 
expression           : 0
id                   : 
name                 : 
ssn                  : 

Parsing method: LALR

state 0

    (0) S' -> . expression
    (1) expression -> . CREATE LP NAME RP COLON
    (2) expression -> . PROTOCOLS COLON
    (3) expression -> . BEDS LP DIGIT RP COLON
    (4) expression -> . BEDS COLON
    (5) expression -> . DOCTORS LP AVAILABLE RP COLON
    (6) expression -> . DOCTORS COLON
    (7) expression -> . PATIENTS COLON
    (8) expression -> . SERVICES COLON
    (9) expression -> . INFO LP ID RP COLON
    (10) expression -> . UPDATE LP ID COMMA AVAILABILITY RP COLON
    (11) expression -> . ADDDOCTOR LP NAME COMMA BIRTHDAY COMMA SSN COMMA AVAILABILITY COMMA ID RP COLON
    (12) expression -> . ADDPATIENT LP NAME COMMA BIRTHDAY COMMA SSN COMMA PROTOCOL COMMA ID RP COLON

    CREATE          shift and go to state 2
    PROTOCOLS       shift and go to state 3
    BEDS            shift and go to state 4
    DOCTORS         shift and go to state 5
    PATIENTS        shift and go to state 6
    SERVICES        shift and go to state 7
    INFO            shift and go to state 8
    UPDATE          shift and go to state 9
    ADDDOCTOR       shift and go to state 10
    ADDPATIENT      shift and go to state 11

    expression                     shift and go to state 1

state 1

    (0) S' -> expression .



state 2

    (1) expression -> CREATE . LP NAME RP COLON

    LP              shift and go to state 12


state 3

    (2) expression -> PROTOCOLS . COLON

    COLON           shift and go to state 13


state 4

    (3) expression -> BEDS . LP DIGIT RP COLON
    (4) expression -> BEDS . COLON

    LP              shift and go to state 14
    COLON           shift and go to state 15


state 5

    (5) expression -> DOCTORS . LP AVAILABLE RP COLON
    (6) expression -> DOCTORS . COLON

    LP              shift and go to state 16
    COLON           shift and go to state 17


state 6

    (7) expression -> PATIENTS . COLON

    COLON           shift and go to state 18


state 7

    (8) expression -> SERVICES . COLON

    COLON           shift and go to state 19


state 8

    (9) expression -> INFO . LP ID RP COLON

    LP              shift and go to state 20


state 9

    (10) expression -> UPDATE . LP ID COMMA AVAILABILITY RP COLON

    LP              shift and go to state 21


state 10

    (11) expression -> ADDDOCTOR . LP NAME COMMA BIRTHDAY COMMA SSN COMMA AVAILABILITY COMMA ID RP COLON

    LP              shift and go to state 22


state 11

    (12) expression -> ADDPATIENT . LP NAME COMMA BIRTHDAY COMMA SSN COMMA PROTOCOL COMMA ID RP COLON

    LP              shift and go to state 23


state 12

    (1) expression -> CREATE LP . NAME RP COLON

    NAME            shift and go to state 24


state 13

    (2) expression -> PROTOCOLS COLON .

    $end            reduce using rule 2 (expression -> PROTOCOLS COLON .)


state 14

    (3) expression -> BEDS LP . DIGIT RP COLON

    DIGIT           shift and go to state 25


state 15

    (4) expression -> BEDS COLON .

    $end            reduce using rule 4 (expression -> BEDS COLON .)


state 16

    (5) expression -> DOCTORS LP . AVAILABLE RP COLON

    AVAILABLE       shift and go to state 26


state 17

    (6) expression -> DOCTORS COLON .

    $end            reduce using rule 6 (expression -> DOCTORS COLON .)


state 18

    (7) expression -> PATIENTS COLON .

    $end            reduce using rule 7 (expression -> PATIENTS COLON .)


state 19

    (8) expression -> SERVICES COLON .

    $end            reduce using rule 8 (expression -> SERVICES COLON .)


state 20

    (9) expression -> INFO LP . ID RP COLON

    ID              shift and go to state 27


state 21

    (10) expression -> UPDATE LP . ID COMMA AVAILABILITY RP COLON

    ID              shift and go to state 28


state 22

    (11) expression -> ADDDOCTOR LP . NAME COMMA BIRTHDAY COMMA SSN COMMA AVAILABILITY COMMA ID RP COLON

    NAME            shift and go to state 29


state 23

    (12) expression -> ADDPATIENT LP . NAME COMMA BIRTHDAY COMMA SSN COMMA PROTOCOL COMMA ID RP COLON

    NAME            shift and go to state 30


state 24

    (1) expression -> CREATE LP NAME . RP COLON

    RP              shift and go to state 31


state 25

    (3) expression -> BEDS LP DIGIT . RP COLON

    RP              shift and go to state 32


state 26

    (5) expression -> DOCTORS LP AVAILABLE . RP COLON

    RP              shift and go to state 33


state 27

    (9) expression -> INFO LP ID . RP COLON

    RP              shift and go to state 34


state 28

    (10) expression -> UPDATE LP ID . COMMA AVAILABILITY RP COLON

    COMMA           shift and go to state 35


state 29

    (11) expression -> ADDDOCTOR LP NAME . COMMA BIRTHDAY COMMA SSN COMMA AVAILABILITY COMMA ID RP COLON

    COMMA           shift and go to state 36


state 30

    (12) expression -> ADDPATIENT LP NAME . COMMA BIRTHDAY COMMA SSN COMMA PROTOCOL COMMA ID RP COLON

    COMMA           shift and go to state 37


state 31

    (1) expression -> CREATE LP NAME RP . COLON

    COLON           shift and go to state 38


state 32

    (3) expression -> BEDS LP DIGIT RP . COLON

    COLON           shift and go to state 39


state 33

    (5) expression -> DOCTORS LP AVAILABLE RP . COLON

    COLON           shift and go to state 40


state 34

    (9) expression -> INFO LP ID RP . COLON

    COLON           shift and go to state 41


state 35

    (10) expression -> UPDATE LP ID COMMA . AVAILABILITY RP COLON

    AVAILABILITY    shift and go to state 42


state 36

    (11) expression -> ADDDOCTOR LP NAME COMMA . BIRTHDAY COMMA SSN COMMA AVAILABILITY COMMA ID RP COLON

    BIRTHDAY        shift and go to state 43


state 37

    (12) expression -> ADDPATIENT LP NAME COMMA . BIRTHDAY COMMA SSN COMMA PROTOCOL COMMA ID RP COLON

    BIRTHDAY        shift and go to state 44


state 38

    (1) expression -> CREATE LP NAME RP COLON .

    $end            reduce using rule 1 (expression -> CREATE LP NAME RP COLON .)


state 39

    (3) expression -> BEDS LP DIGIT RP COLON .

    $end            reduce using rule 3 (expression -> BEDS LP DIGIT RP COLON .)


state 40

    (5) expression -> DOCTORS LP AVAILABLE RP COLON .

    $end            reduce using rule 5 (expression -> DOCTORS LP AVAILABLE RP COLON .)


state 41

    (9) expression -> INFO LP ID RP COLON .

    $end            reduce using rule 9 (expression -> INFO LP ID RP COLON .)


state 42

    (10) expression -> UPDATE LP ID COMMA AVAILABILITY . RP COLON

    RP              shift and go to state 45


state 43

    (11) expression -> ADDDOCTOR LP NAME COMMA BIRTHDAY . COMMA SSN COMMA AVAILABILITY COMMA ID RP COLON

    COMMA           shift and go to state 46


state 44

    (12) expression -> ADDPATIENT LP NAME COMMA BIRTHDAY . COMMA SSN COMMA PROTOCOL COMMA ID RP COLON

    COMMA           shift and go to state 47


state 45

    (10) expression -> UPDATE LP ID COMMA AVAILABILITY RP . COLON

    COLON           shift and go to state 48


state 46

    (11) expression -> ADDDOCTOR LP NAME COMMA BIRTHDAY COMMA . SSN COMMA AVAILABILITY COMMA ID RP COLON

    SSN             shift and go to state 49


state 47

    (12) expression -> ADDPATIENT LP NAME COMMA BIRTHDAY COMMA . SSN COMMA PROTOCOL COMMA ID RP COLON

    SSN             shift and go to state 50


state 48

    (10) expression -> UPDATE LP ID COMMA AVAILABILITY RP COLON .

    $end            reduce using rule 10 (expression -> UPDATE LP ID COMMA AVAILABILITY RP COLON .)


state 49

    (11) expression -> ADDDOCTOR LP NAME COMMA BIRTHDAY COMMA SSN . COMMA AVAILABILITY COMMA ID RP COLON

    COMMA           shift and go to state 51


state 50

    (12) expression -> ADDPATIENT LP NAME COMMA BIRTHDAY COMMA SSN . COMMA PROTOCOL COMMA ID RP COLON

    COMMA           shift and go to state 52


state 51

    (11) expression -> ADDDOCTOR LP NAME COMMA BIRTHDAY COMMA SSN COMMA . AVAILABILITY COMMA ID RP COLON

    AVAILABILITY    shift and go to state 53


state 52

    (12) expression -> ADDPATIENT LP NAME COMMA BIRTHDAY COMMA SSN COMMA . PROTOCOL COMMA ID RP COLON

    PROTOCOL        shift and go to state 54


state 53

    (11) expression -> ADDDOCTOR LP NAME COMMA BIRTHDAY COMMA SSN COMMA AVAILABILITY . COMMA ID RP COLON

    COMMA           shift and go to state 55


state 54

    (12) expression -> ADDPATIENT LP NAME COMMA BIRTHDAY COMMA SSN COMMA PROTOCOL . COMMA ID RP COLON

    COMMA           shift and go to state 56


state 55

    (11) expression -> ADDDOCTOR LP NAME COMMA BIRTHDAY COMMA SSN COMMA AVAILABILITY COMMA . ID RP COLON

    ID              shift and go to state 57


state 56

    (12) expression -> ADDPATIENT LP NAME COMMA BIRTHDAY COMMA SSN COMMA PROTOCOL COMMA . ID RP COLON

    ID              shift and go to state 58


state 57

    (11) expression -> ADDDOCTOR LP NAME COMMA BIRTHDAY COMMA SSN COMMA AVAILABILITY COMMA ID . RP COLON

    RP              shift and go to state 59


state 58

    (12) expression -> ADDPATIENT LP NAME COMMA BIRTHDAY COMMA SSN COMMA PROTOCOL COMMA ID . RP COLON

    RP              shift and go to state 60


state 59

    (11) expression -> ADDDOCTOR LP NAME COMMA BIRTHDAY COMMA SSN COMMA AVAILABILITY COMMA ID RP . COLON

    COLON           shift and go to state 61


state 60

    (12) expression -> ADDPATIENT LP NAME COMMA BIRTHDAY COMMA SSN COMMA PROTOCOL COMMA ID RP . COLON

    COLON           shift and go to state 62


state 61

    (11) expression -> ADDDOCTOR LP NAME COMMA BIRTHDAY COMMA SSN COMMA AVAILABILITY COMMA ID RP COLON .

    $end            reduce using rule 11 (expression -> ADDDOCTOR LP NAME COMMA BIRTHDAY COMMA SSN COMMA AVAILABILITY COMMA ID RP COLON .)


state 62

    (12) expression -> ADDPATIENT LP NAME COMMA BIRTHDAY COMMA SSN COMMA PROTOCOL COMMA ID RP COLON .

    $end            reduce using rule 12 (expression -> ADDPATIENT LP NAME COMMA BIRTHDAY COMMA SSN COMMA PROTOCOL COMMA ID RP COLON .)

